<?xml version="1.0" encoding="UTF-8"?>
<!-- Generated by org.testng.reporters.JUnitXMLReporter -->
<testsuite hostname="SEZVM2330P" name="SmokeTest with Chrome" tests="2" failures="0" timestamp="22 Jul 2015 06:14:23 GMT" time="0.078" errors="0">
  <testcase name="@BeforeTest beforeClass" time="0.0" classname="testscript.SmokeTest">
    <failure type="java.lang.IllegalStateException" message="The driver executable does not exist: C:\Users\OFFNJA\Documents\GitHub\ICAAutomation\Matkassen\Drivers\chromeDriver.exe">
      <![CDATA[java.lang.IllegalStateException: The driver executable does not exist: C:\Users\OFFNJA\Documents\GitHub\ICAAutomation\Matkassen\Drivers\chromeDriver.exe
	at com.google.common.base.Preconditions.checkState(Preconditions.java:197)
	at org.openqa.selenium.remote.service.DriverService.checkExecutable(DriverService.java:122)
	at org.openqa.selenium.remote.service.DriverService.findExecutable(DriverService.java:117)
	at org.openqa.selenium.chrome.ChromeDriverService.access$0(ChromeDriverService.java:1)
	at org.openqa.selenium.chrome.ChromeDriverService$Builder.findDefaultExecutable(ChromeDriverService.java:118)
	at org.openqa.selenium.remote.service.DriverService$Builder.build(DriverService.java:291)
	at org.openqa.selenium.chrome.ChromeDriverService.createDefaultService(ChromeDriverService.java:82)
	at org.openqa.selenium.chrome.ChromeDriver.<init>(ChromeDriver.java:139)
	at test.Core.WebdriverFactory.getDriver(WebdriverFactory.java:32)
	at Utility.TestBase.beforeClass(TestBase.java:57)
... Removed 22 stack frames]]>
    </failure>
  </testcase> <!-- @BeforeTest beforeClass -->
  <testcase name="@AfterTest afterClass" time="0.0" classname="testscript.SmokeTest">
    <skipped/>
  </testcase> <!-- @AfterTest afterClass -->
  <testcase name="Verify_Add_New_Butik_Functionality" time="0.0" classname="testscript.SmokeTest">
    <skipped/>
  </testcase> <!-- Verify_Add_New_Butik_Functionality -->
  <testcase name="Verify_Login_Functionality" time="0.0" classname="testscript.SmokeTest">
    <skipped/>
  </testcase> <!-- Verify_Login_Functionality -->
</testsuite> <!-- SmokeTest with Chrome -->
